<?xml version="1.0" encoding="UTF-8"?>
<!-- Generated by org.testng.reporters.JUnitReportReporter -->
<testsuite skipped="0" hostname="SwathiKiran-PC" name="com.invisalignstaging.qa.testPages.MyInvisalignappPageTest" tests="5" failures="1" timestamp="2019-09-22T18:46:06 IST" time="202.317" errors="0">
  <testcase name="verifyinvisalignTitleTest" time="28.055" classname="com.invisalignstaging.qa.testPages.MyInvisalignappPageTest">
    <failure type="java.lang.AssertionError" message="expected [My Invisalign] but found [Invisalign Clear Aligners | Invisalign]">
      <![CDATA[java.lang.AssertionError: expected [My Invisalign] but found [Invisalign Clear Aligners | Invisalign]
at org.testng.Assert.fail(Assert.java:97)
at org.testng.Assert.assertEqualsImpl(Assert.java:136)
at org.testng.Assert.assertEquals(Assert.java:118)
at org.testng.Assert.assertEquals(Assert.java:575)
at org.testng.Assert.assertEquals(Assert.java:585)
at com.invisalignstaging.qa.testPages.MyInvisalignappPageTest.verifyinvisalignTitleTest(MyInvisalignappPageTest.java:43)
at sun.reflect.NativeMethodAccessorImpl.invoke0(Native Method)
at sun.reflect.NativeMethodAccessorImpl.invoke(NativeMethodAccessorImpl.java:62)
at sun.reflect.DelegatingMethodAccessorImpl.invoke(DelegatingMethodAccessorImpl.java:43)
at java.lang.reflect.Method.invoke(Method.java:498)
at org.testng.internal.MethodInvocationHelper.invokeMethod(MethodInvocationHelper.java:133)
at org.testng.internal.TestInvoker.invokeMethod(TestInvoker.java:584)
at org.testng.internal.TestInvoker.invokeTestMethod(TestInvoker.java:172)
at org.testng.internal.MethodRunner.runInSequence(MethodRunner.java:46)
at org.testng.internal.TestInvoker$MethodInvocationAgent.invoke(TestInvoker.java:804)
at org.testng.internal.TestInvoker.invokeTestMethods(TestInvoker.java:145)
at org.testng.internal.TestMethodWorker.invokeTestMethods(TestMethodWorker.java:146)
at org.testng.internal.TestMethodWorker.run(TestMethodWorker.java:128)
at java.util.ArrayList.forEach(ArrayList.java:1257)
at org.testng.TestRunner.privateRun(TestRunner.java:770)
at org.testng.TestRunner.run(TestRunner.java:591)
at org.testng.SuiteRunner.runTest(SuiteRunner.java:402)
at org.testng.SuiteRunner.runSequentially(SuiteRunner.java:396)
at org.testng.SuiteRunner.privateRun(SuiteRunner.java:355)
at org.testng.SuiteRunner.run(SuiteRunner.java:304)
at org.testng.SuiteRunnerWorker.runSuite(SuiteRunnerWorker.java:53)
at org.testng.SuiteRunnerWorker.run(SuiteRunnerWorker.java:96)
at org.testng.TestNG.runSuitesSequentially(TestNG.java:1180)
at org.testng.TestNG.runSuitesLocally(TestNG.java:1102)
at org.testng.TestNG.runSuites(TestNG.java:1032)
at org.testng.TestNG.run(TestNG.java:1000)
at org.testng.remote.AbstractRemoteTestNG.run(AbstractRemoteTestNG.java:115)
at org.testng.remote.RemoteTestNG.initAndRun(RemoteTestNG.java:251)
at org.testng.remote.RemoteTestNG.main(RemoteTestNG.java:77)
]]>
    </failure>
  </testcase> <!-- verifyinvisalignTitleTest -->
  <testcase name="verifyinvisalignlogoTest" time="45.310" classname="com.invisalignstaging.qa.testPages.MyInvisalignappPageTest"/>
  <testcase name="verifymadetomovelinkTest" time="45.950" classname="com.invisalignstaging.qa.testPages.MyInvisalignappPageTest"/>
  <testcase name="verifyAppleStorelinkTest" time="38.947" classname="com.invisalignstaging.qa.testPages.MyInvisalignappPageTest"/>
  <testcase name="verifyGooglePlayStorelinkTest" time="44.055" classname="com.invisalignstaging.qa.testPages.MyInvisalignappPageTest"/>
</testsuite> <!-- com.invisalignstaging.qa.testPages.MyInvisalignappPageTest -->
